# JRE version: Java(TM) SE Runtime Environment (23.0.2+7) (build 23.0.2+7-58)
# Java VM: Java HotSpot(TM) 64-Bit Server VM (23.0.2+7-58, mixed mode, sharing, tiered, compressed oops, compressed class ptrs, g1 gc, windows-amd64)
GC Precious Log:
 CardTable entry size: 512
 Card Set container configuration: InlinePtr #cards 5 size 8 Array Of Cards #cards 10 size 36 Howl #buckets 4 coarsen threshold 1843 Howl Bitmap #cards 512 size 80 coarsen threshold 460 Card regions per heap region 1 cards per card region 2048
 CPUs: 2 total, 2 available
 Memory: 3918M
 Large Page Support: Disabled
 NUMA Support: Disabled
 Compressed Oops: Enabled (32-bit)
 Heap Region Size: 1M
 Heap Min Capacity: 8M
 Heap Initial Capacity: 62M
 Heap Max Capacity: 980M
 Pre-touch: Disabled
 Parallel Workers: 2
 Concurrent Workers: 1
 Concurrent Refinement Workers: 2
 Periodic GC: Disabled
Heap:
 garbage-first heap   total reserved 1003520K, committed 63488K, used 14578K [0x00000000c2c00000, 0x0000000100000000)
  region size 1024K, 11 young (11264K), 5 survivors (5120K)
 Metaspace       used 16820K, committed 17088K, reserved 1114112K
  class space    used 2059K, committed 2176K, reserved 1048576K
GC Heap History (12 events):
Event: 6.695 GC heap before
{Heap before GC invocations=0 (full 0):
 garbage-first heap   total reserved 1003520K, committed 63488K, used 6144K [0x00000000c2c00000, 0x0000000100000000)
  region size 1024K, 7 young (7168K), 0 survivors (0K)
 Metaspace       used 2347K, committed 2560K, reserved 1114112K
  class space    used 225K, committed 320K, reserved 1048576K
}
Event: 6.713 GC heap after
{Heap after GC invocations=1 (full 0):
 garbage-first heap   total reserved 1003520K, committed 63488K, used 2191K [0x00000000c2c00000, 0x0000000100000000)
  region size 1024K, 1 young (1024K), 1 survivors (1024K)
 Metaspace       used 2347K, committed 2560K, reserved 1114112K
  class space    used 225K, committed 320K, reserved 1048576K
}
Event: 7.402 GC heap before
{Heap before GC invocations=1 (full 0):
 garbage-first heap   total reserved 1003520K, committed 63488K, used 8335K [0x00000000c2c00000, 0x0000000100000000)
  region size 1024K, 7 young (7168K), 1 survivors (1024K)
 Metaspace       used 3947K, committed 4096K, reserved 1114112K
  class space    used 423K, committed 512K, reserved 1048576K
}
Event: 7.410 GC heap after
{Heap after GC invocations=2 (full 0):
 garbage-first heap   total reserved 1003520K, committed 63488K, used 3350K [0x00000000c2c00000, 0x0000000100000000)
  region size 1024K, 1 young (1024K), 1 survivors (1024K)
 Metaspace       used 3947K, committed 4096K, reserved 1114112K
  class space    used 423K, committed 512K, reserved 1048576K
}
Event: 8.511 GC heap before
{Heap before GC invocations=2 (full 0):
 garbage-first heap   total reserved 1003520K, committed 63488K, used 15638K [0x00000000c2c00000, 0x0000000100000000)
  region size 1024K, 13 young (13312K), 1 survivors (1024K)
 Metaspace       used 6058K, committed 6272K, reserved 1114112K
  class space    used 743K, committed 832K, reserved 1048576K
}
Event: 8.517 GC heap after
{Heap after GC invocations=3 (full 0):
 garbage-first heap   total reserved 1003520K, committed 63488K, used 4035K [0x00000000c2c00000, 0x0000000100000000)
  region size 1024K, 2 young (2048K), 2 survivors (2048K)
 Metaspace       used 6058K, committed 6272K, reserved 1114112K
  class space    used 743K, committed 832K, reserved 1048576K
}
Event: 12.149 GC heap before
{Heap before GC invocations=3 (full 0):
 garbage-first heap   total reserved 1003520K, committed 63488K, used 22467K [0x00000000c2c00000, 0x0000000100000000)
  region size 1024K, 20 young (20480K), 2 survivors (2048K)
 Metaspace       used 8107K, committed 8320K, reserved 1114112K
  class space    used 972K, committed 1088K, reserved 1048576K
}
Event: 12.155 GC heap after
{Heap after GC invocations=4 (full 0):
 garbage-first heap   total reserved 1003520K, committed 63488K, used 4877K [0x00000000c2c00000, 0x0000000100000000)
  region size 1024K, 2 young (2048K), 2 survivors (2048K)
 Metaspace       used 8107K, committed 8320K, reserved 1114112K
  class space    used 972K, committed 1088K, reserved 1048576K
}
Event: 15.313 GC heap before
{Heap before GC invocations=4 (full 0):
 garbage-first heap   total reserved 1003520K, committed 63488K, used 30477K [0x00000000c2c00000, 0x0000000100000000)
  region size 1024K, 27 young (27648K), 2 survivors (2048K)
 Metaspace       used 12961K, committed 13184K, reserved 1114112K
  class space    used 1624K, committed 1728K, reserved 1048576K
}
Event: 15.328 GC heap after
{Heap after GC invocations=5 (full 0):
 garbage-first heap   total reserved 1003520K, committed 63488K, used 7006K [0x00000000c2c00000, 0x0000000100000000)
  region size 1024K, 4 young (4096K), 4 survivors (4096K)
 Metaspace       used 12961K, committed 13184K, reserved 1114112K
  class space    used 1624K, committed 1728K, reserved 1048576K
}
Event: 20.000 GC heap before
{Heap before GC invocations=5 (full 0):
 garbage-first heap   total reserved 1003520K, committed 63488K, used 36702K [0x00000000c2c00000, 0x0000000100000000)
  region size 1024K, 33 young (33792K), 4 survivors (4096K)
 Metaspace       used 16286K, committed 16512K, reserved 1114112K
  class space    used 1993K, committed 2112K, reserved 1048576K
}
Event: 20.018 GC heap after
{Heap after GC invocations=6 (full 0):
 garbage-first heap   total reserved 1003520K, committed 63488K, used 9458K [0x00000000c2c00000, 0x0000000100000000)
  region size 1024K, 5 young (5120K), 5 survivors (5120K)
 Metaspace       used 16286K, committed 16512K, reserved 1114112K
  class space    used 1993K, committed 2112K, reserved 1048576K
}

